---------------------------------------------------------------
[ 2021-03-30T09:10:21+08:00 ] 127.0.0.1 GET www.dontstop.top/Index.php?s=/store/index/index
[运行时间：0.139008s] [吞吐率：7.19req/s] [内存消耗：2,136.58kb] [文件加载：54]
[ info ] [ LANG ] D:\ccc\admin\source\thinkphp\lang\zh-cn.php
[ info ] [ ROUTE ] array (
  'type' => 'module',
  'module' => 
  array (
    0 => 'store',
    1 => 'index',
    2 => 'index',
  ),
)
[ info ] [ HEADER ] array (
  'cookie' => 'PHPSESSID=hrlpe0ntk8kpot73g7gv887dec',
  'accept-language' => 'zh-CN,zh;q=0.9,en-US;q=0.8,en;q=0.7',
  'accept-encoding' => 'gzip, deflate',
  'referer' => 'http://www.dontstop.top/Index.php?s=/store/passport/login',
  'accept' => 'text/html,application/xhtml+xml,application/xml;q=0.9,image/avif,image/webp,image/apng,*/*;q=0.8,application/signed-exchange;v=b3;q=0.9',
  'user-agent' => 'Mozilla/5.0 (Windows NT 6.1; Win64; x64) AppleWebKit/537.36 (KHTML, like Gecko) Chrome/89.0.4389.90 Safari/537.36',
  'upgrade-insecure-requests' => '1',
  'connection' => 'close',
  'host' => 'www.dontstop.top',
)
[ info ] [ PARAM ] array (
)
[ info ] [ SESSION ] INIT array (
  'id' => '',
  'var_session_id' => '',
  'prefix' => '',
  'type' => '',
  'auto_start' => true,
)
[ info ] [ DB ] INIT mysql
[ info ] [ CACHE ] INIT File
[ info ] [ RUN ] app\store\controller\Index->index[ D:\ccc\admin\source\application\store\controller\Index.php ]
[ info ] [ LOG ] INIT File
[ info ] [ VIEW ] D:\ccc\admin\web/../source/application/store\view\index\index.php [ array (
  0 => 'base_url',
  1 => 'store_url',
  2 => 'group',
  3 => 'menus',
  4 => 'store',
  5 => 'setting',
) ]
